<?xml version="1.0" encoding="UTF-8"?>
<!-- Generated by org.testng.reporters.JUnitXMLReporter -->
<testsuite hostname="Kalpeshs-MacBook-Air.local" ignored="1" name="Test" tests="1" failures="0" timestamp="2021-05-17T20:23:28 IST" time="14.244" errors="0">
  <testcase name="GoogleSearch2" time="7.375" classname="TestCases.VerifyGoogleSearchFunctionalityWithTestNG2"/>
  <testcase name="GoogleSearch1" time="0.0" classname="TestCases.VerifyGoogleSearchFunctionalityWithTestNG2">
    <ignored/>
  </testcase> <!-- GoogleSearch1 -->
</testsuite> <!-- Test -->
