<?xml version="1.0" encoding="UTF-8"?>
<testng-results skipped="0" failed="0" ignored="0" total="0" passed="0">
  <reporter-output>
  </reporter-output>
  <suite name="BrowserTest" duration-ms="19" started-at="2021-05-18T20:54:27 IST" finished-at="2021-05-18T20:54:27 IST">
    <groups>
    </groups>
    <test name="Command line test" duration-ms="19" started-at="2021-05-18T20:54:27 IST" finished-at="2021-05-18T20:54:27 IST">
    </test> <!-- Command line test -->
  </suite> <!-- BrowserTest -->
</testng-results>
